[2025-11-19 00:10:07] [INFO] 应用程序启动
[2025-11-19 00:10:08] [INFO] 开始刷新隧道列表
[2025-11-19 00:10:09] [INFO] 成功加载 1 个隧道
[2025-11-19 00:27:35] [INFO] 选中隧道: test
[2025-11-19 00:27:39] [INFO] 检查 DNS 路由: test.dwzq.top -> test
[2025-11-19 00:27:41] [INFO] DNS 路由已配置: test.dwzq.top
[2025-11-19 00:27:41] [INFO] 开始启动隧道: test
[2025-11-19 00:27:41] [INFO] 隧道 test 已成功启动
[2025-11-19 00:34:41] [INFO] 应用程序启动
[2025-11-19 00:34:41] [INFO] 开始刷新隧道列表
[2025-11-19 00:34:42] [INFO] 成功加载 1 个隧道
[2025-11-19 00:37:08] [INFO] 选中隧道: test
[2025-11-19 00:37:17] [INFO] 检查 DNS 路由: test.dwzq.top -> test
[2025-11-19 00:37:19] [INFO] DNS 路由已配置: test.dwzq.top
[2025-11-19 00:37:19] [INFO] 开始启动隧道: test
[2025-11-19 00:37:19] [INFO] 隧道 test 已成功启动并激活
[2025-11-19 00:37:39] [WARNING] 正在停止隧道 test
[2025-11-19 00:37:44] [INFO] 隧道 test 已停止并取消激活
[2025-11-19 00:46:17] [INFO] 应用程序启动
[2025-11-19 00:46:17] [INFO] 开始刷新隧道列表
[2025-11-19 00:46:18] [INFO] 成功加载 1 个隧道
[2025-11-19 00:47:59] [INFO] 选中隧道: test
[2025-11-19 00:48:02] [INFO] 检查 DNS 路由: test.dwzq.top -> test
[2025-11-19 00:48:04] [INFO] DNS 路由已配置: test.dwzq.top
[2025-11-19 00:48:04] [INFO] 开始启动隧道: test
[2025-11-19 00:48:04] [INFO] 隧道 test 已成功启动并激活
[2025-11-19 00:55:48] [WARNING] 隧道进程已退出
[2025-11-19 00:56:31] [INFO] 应用程序启动
[2025-11-19 00:56:31] [INFO] 开始刷新隧道列表
[2025-11-19 00:56:32] [INFO] 成功加载 1 个隧道
