[2025-11-18 21:41:10] [INFO] 应用程序启动
[2025-11-18 21:41:10] [INFO] 开始刷新隧道列表
[2025-11-18 21:41:11] [INFO] 成功加载 2 个隧道
[2025-11-18 21:42:20] [INFO] 应用程序启动
[2025-11-18 21:42:20] [INFO] 开始刷新隧道列表
[2025-11-18 21:42:22] [INFO] 成功加载 2 个隧道
[2025-11-18 21:42:27] [INFO] 选中隧道: kline
[2025-11-18 21:42:28] [INFO] 选中隧道: tese
[2025-11-18 21:42:39] [INFO] 选中隧道: kline
[2025-11-18 21:42:48] [INFO] 选中隧道: tese
[2025-11-18 21:42:52] [INFO] 检查 DNS 路由: test.dwzq.top -> tese
[2025-11-18 21:42:56] [INFO] DNS 路由已配置: test.dwzq.top
[2025-11-18 21:42:56] [INFO] 开始启动隧道: tese
[2025-11-18 21:42:56] [INFO] 隧道 tese 已成功启动
[2025-11-18 21:43:00] [WARNING] 正在停止隧道
[2025-11-18 21:43:00] [INFO] 隧道已停止
[2025-11-18 21:43:06] [INFO] 检查 DNS 路由: test.dwzq.top -> tese
[2025-11-18 21:43:08] [INFO] DNS 路由已配置: test.dwzq.top
[2025-11-18 21:43:08] [INFO] 开始启动隧道: tese
[2025-11-18 21:43:08] [INFO] 隧道 tese 已成功启动
[2025-11-18 21:43:38] [INFO] 开始测试隧道: tese
[2025-11-18 21:43:40] [INFO] 隧道测试完成: tese
[2025-11-18 21:44:44] [INFO] 配置编辑完成: tese
[2025-11-18 21:44:45] [WARNING] 正在停止隧道
[2025-11-18 21:44:45] [INFO] 隧道已停止
[2025-11-18 21:44:47] [INFO] 检查 DNS 路由: test.dwzq.top -> tese
[2025-11-18 21:44:50] [INFO] DNS 路由已配置: test.dwzq.top
[2025-11-18 21:44:50] [INFO] 开始启动隧道: tese
[2025-11-18 21:44:50] [INFO] 隧道 tese 已成功启动
[2025-11-18 21:48:29] [INFO] 应用程序启动
[2025-11-18 21:48:29] [INFO] 开始刷新隧道列表
[2025-11-18 21:48:31] [INFO] 成功加载 2 个隧道
[2025-11-18 21:48:40] [INFO] 选中隧道: tese
[2025-11-18 21:48:42] [INFO] 检查 DNS 路由: test.dwzq.top -> tese
[2025-11-18 21:48:44] [INFO] DNS 路由已配置: test.dwzq.top
[2025-11-18 21:48:44] [INFO] 开始启动隧道: tese
[2025-11-18 21:48:44] [INFO] 隧道 tese 已成功启动
[2025-11-18 21:48:44] [WARNING] 正在停止隧道
[2025-11-18 21:48:44] [INFO] 隧道已停止
[2025-11-18 21:48:45] [INFO] 检查 DNS 路由: test.dwzq.top -> tese
[2025-11-18 21:48:48] [INFO] DNS 路由已配置: test.dwzq.top
[2025-11-18 21:48:48] [INFO] 开始启动隧道: tese
[2025-11-18 21:48:48] [INFO] 隧道 tese 已成功启动
[2025-11-18 21:48:48] [WARNING] 正在停止隧道
[2025-11-18 21:48:48] [INFO] 隧道已停止
[2025-11-18 21:48:51] [INFO] 检查 DNS 路由: test.dwzq.top -> tese
[2025-11-18 21:48:54] [INFO] DNS 路由已配置: test.dwzq.top
[2025-11-18 21:48:54] [INFO] 开始启动隧道: tese
[2025-11-18 21:48:54] [INFO] 隧道 tese 已成功启动
[2025-11-18 21:48:54] [WARNING] 正在停止隧道
[2025-11-18 21:48:54] [INFO] 隧道已停止
[2025-11-18 21:48:54] [INFO] 检查 DNS 路由: test.dwzq.top -> tese
[2025-11-18 21:48:57] [INFO] DNS 路由已配置: test.dwzq.top
[2025-11-18 21:48:57] [INFO] 开始启动隧道: tese
[2025-11-18 21:48:57] [INFO] 隧道 tese 已成功启动
[2025-11-18 21:53:30] [INFO] 应用程序启动
[2025-11-18 21:53:30] [INFO] 开始刷新隧道列表
[2025-11-18 21:53:32] [INFO] 成功加载 2 个隧道
[2025-11-18 21:53:41] [INFO] 选中隧道: tese
[2025-11-18 21:53:43] [INFO] 检查 DNS 路由: test.dwzq.top -> tese
[2025-11-18 21:53:45] [INFO] DNS 路由已配置: test.dwzq.top
[2025-11-18 21:53:45] [INFO] 开始启动隧道: tese
[2025-11-18 21:53:45] [INFO] 隧道 tese 已成功启动
[2025-11-18 21:54:18] [WARNING] 开始删除隧道: tese
[2025-11-18 21:54:21] [INFO] 隧道 tese 已删除
[2025-11-18 21:54:21] [INFO] 开始刷新隧道列表
[2025-11-18 21:54:22] [INFO] 成功加载 1 个隧道
[2025-11-18 21:54:23] [INFO] 选中隧道: kline
[2025-11-18 21:54:27] [WARNING] 开始删除隧道: kline
[2025-11-18 21:54:32] [INFO] 隧道 kline 已删除
[2025-11-18 21:54:32] [INFO] 开始刷新隧道列表
[2025-11-18 21:54:33] [INFO] 成功加载 0 个隧道
[2025-11-18 21:54:33] [WARNING] 正在停止隧道
[2025-11-18 21:54:33] [INFO] 隧道已停止
[2025-11-18 21:55:18] [INFO] 开始创建隧道: tese
[2025-11-18 21:55:33] [ERROR] 创建隧道失败: failed to create tunnel: Create Tunnel API call failed: REST request failed: Post "https://api.cloudflare.com/client/v4/accounts/026669d146361a26d20fb6c0e580da35/cfd_tunnel": context deadline exceeded

[2025-11-18 21:55:45] [INFO] 开始创建隧道: test
[2025-11-18 21:55:47] [INFO] 隧道 test 创建成功
[2025-11-18 21:55:47] [INFO] 开始刷新隧道列表
[2025-11-18 21:55:48] [INFO] 成功加载 1 个隧道
[2025-11-18 21:55:48] [INFO] 开始刷新隧道列表
[2025-11-18 21:55:49] [INFO] 成功加载 1 个隧道
[2025-11-18 21:55:50] [INFO] 选中隧道: test
[2025-11-18 21:56:05] [INFO] 配置编辑完成: test
[2025-11-18 21:56:09] [INFO] 检查 DNS 路由: test.dwzq.top -> test
[2025-11-18 21:56:12] [INFO] DNS 路由已配置: test.dwzq.top
[2025-11-18 21:56:12] [INFO] 开始启动隧道: test
[2025-11-18 21:56:12] [INFO] 隧道 test 已成功启动
[2025-11-18 21:56:15] [INFO] 开始测试隧道: test
[2025-11-18 21:56:18] [INFO] 隧道测试完成: test
[2025-11-18 21:58:21] [INFO] 正在配置 DNS 路由: test.dwzq.top -> test
[2025-11-18 21:58:24] [INFO] DNS 路由配置成功: test.dwzq.top -> test
[2025-11-18 21:58:29] [WARNING] 隧道进程已退出
[2025-11-18 21:58:29] [INFO] 检查 DNS 路由: test.dwzq.top -> test
[2025-11-18 21:58:31] [INFO] DNS 路由已配置: test.dwzq.top
[2025-11-18 21:58:31] [INFO] 开始启动隧道: test
[2025-11-18 21:58:31] [INFO] 隧道 test 已成功启动
[2025-11-18 21:58:38] [WARNING] 隧道进程已退出
[2025-11-18 21:58:38] [INFO] 检查 DNS 路由: test.dwzq.top -> test
[2025-11-18 21:58:40] [INFO] DNS 路由已配置: test.dwzq.top
[2025-11-18 21:58:40] [INFO] 开始启动隧道: test
[2025-11-18 21:58:40] [INFO] 隧道 test 已成功启动
[2025-11-18 21:58:45] [INFO] 选中隧道: test
[2025-11-18 21:58:48] [WARNING] 隧道进程已退出
[2025-11-18 21:58:48] [INFO] 检查 DNS 路由: test.dwzq.top -> test
[2025-11-18 21:58:51] [INFO] DNS 路由已配置: test.dwzq.top
[2025-11-18 21:58:51] [INFO] 开始启动隧道: test
[2025-11-18 21:58:51] [INFO] 隧道 test 已成功启动
[2025-11-18 21:58:59] [WARNING] 隧道进程已退出
[2025-11-18 21:58:59] [INFO] 检查 DNS 路由: test.dwzq.top -> test
[2025-11-18 21:59:09] [INFO] DNS 路由已配置: test.dwzq.top
[2025-11-18 21:59:09] [INFO] 开始启动隧道: test
[2025-11-18 21:59:09] [INFO] 隧道 test 已成功启动
[2025-11-18 21:59:25] [INFO] 开始测试隧道: test
[2025-11-18 21:59:27] [INFO] 隧道测试完成: test
[2025-11-18 22:00:05] [WARNING] 隧道进程已退出
[2025-11-18 22:00:05] [INFO] 检查 DNS 路由: test.dwzq.top -> test
[2025-11-18 22:00:09] [INFO] DNS 路由已配置: test.dwzq.top
[2025-11-18 22:00:09] [INFO] 开始启动隧道: test
[2025-11-18 22:00:09] [INFO] 隧道 test 已成功启动
[2025-11-18 22:03:18] [INFO] 应用程序启动
[2025-11-18 22:03:18] [INFO] 开始刷新隧道列表
[2025-11-18 22:03:19] [INFO] 成功加载 1 个隧道
[2025-11-18 22:03:23] [INFO] 选中隧道: test
[2025-11-18 22:03:49] [INFO] 配置编辑完成: test
[2025-11-18 22:03:50] [INFO] 检查 DNS 路由: test.dwzq.top -> test
[2025-11-18 22:03:56] [INFO] DNS 路由已配置: test.dwzq.top
[2025-11-18 22:03:56] [INFO] 开始启动隧道: test
[2025-11-18 22:03:56] [INFO] 隧道 test 已成功启动
[2025-11-18 22:04:03] [INFO] 开始测试隧道: test
[2025-11-18 22:04:06] [INFO] 隧道测试完成: test
[2025-11-18 22:04:37] [WARNING] 正在停止隧道
[2025-11-18 22:04:37] [INFO] 隧道已停止
[2025-11-18 22:09:20] [INFO] 应用程序启动
[2025-11-18 22:09:21] [INFO] 开始刷新隧道列表
[2025-11-18 22:09:22] [INFO] 成功加载 1 个隧道
[2025-11-18 22:09:25] [INFO] 选中隧道: test
[2025-11-18 22:09:39] [INFO] 配置编辑完成: test
[2025-11-18 22:09:41] [INFO] 检查 DNS 路由: test.dwzq.top -> test
[2025-11-18 22:09:44] [INFO] DNS 路由已配置: test.dwzq.top
[2025-11-18 22:09:44] [INFO] 开始启动隧道: test
[2025-11-18 22:09:44] [INFO] 隧道 test 已成功启动
[2025-11-18 22:10:03] [INFO] 开始测试隧道: test
[2025-11-18 22:10:11] [INFO] 隧道测试完成: test
[2025-11-18 22:10:32] [WARNING] 正在停止隧道
[2025-11-18 22:10:33] [INFO] 隧道已停止
[2025-11-18 22:10:36] [INFO] 正在下载 cloudflared...
[2025-11-18 22:10:52] [INFO] cloudflared (amd64) 已更新到 /home/zhukunren/桌面/项目/内网穿透/cloudflared
版本: 2025.11.1
[2025-11-18 22:11:16] [INFO] 正在配置 DNS 路由: test.dwzq.top -> test
[2025-11-18 22:11:19] [INFO] DNS 路由配置成功: test.dwzq.top -> test
[2025-11-18 22:11:22] [INFO] 开始测试隧道: test
[2025-11-18 22:11:25] [INFO] 隧道测试完成: test
[2025-11-18 22:24:49] [INFO] 应用程序启动
[2025-11-18 22:24:49] [INFO] 开始刷新隧道列表
[2025-11-18 22:24:50] [INFO] 成功加载 1 个隧道
[2025-11-18 22:24:52] [INFO] 选中隧道: test
[2025-11-18 22:24:55] [INFO] 开始测试隧道: test
[2025-11-18 22:25:00] [INFO] 隧道测试完成: test
[2025-11-18 22:26:13] [INFO] 检查 DNS 路由: test.dwzq.top -> test
[2025-11-18 22:26:16] [INFO] DNS 路由已配置: test.dwzq.top
[2025-11-18 22:26:16] [INFO] 开始启动隧道: test
[2025-11-18 22:26:16] [INFO] 隧道 test 已成功启动
[2025-11-18 22:26:27] [INFO] 开始测试隧道: test
[2025-11-18 22:26:32] [INFO] 隧道测试完成: test
[2025-11-18 22:27:43] [INFO] 正在配置 DNS 路由: test.dwzq.top -> test
[2025-11-18 22:27:46] [INFO] DNS 路由配置成功: test.dwzq.top -> test
[2025-11-18 22:27:49] [WARNING] 正在停止隧道
[2025-11-18 22:27:49] [INFO] 隧道已停止
[2025-11-18 22:27:56] [INFO] 检查 DNS 路由: test.dwzq.top -> test
[2025-11-18 22:28:00] [INFO] DNS 路由已配置: test.dwzq.top
[2025-11-18 22:28:00] [INFO] 开始启动隧道: test
[2025-11-18 22:28:00] [INFO] 隧道 test 已成功启动
[2025-11-18 22:31:21] [INFO] 应用程序启动
[2025-11-18 22:31:21] [INFO] 开始刷新隧道列表
[2025-11-18 22:31:23] [INFO] 成功加载 1 个隧道
[2025-11-18 22:31:34] [INFO] 选中隧道: test
[2025-11-18 22:31:36] [INFO] 检查 DNS 路由: test.dwzq.top -> test
[2025-11-18 22:31:40] [INFO] DNS 路由已配置: test.dwzq.top
[2025-11-18 22:31:40] [INFO] 开始启动隧道: test
[2025-11-18 22:31:40] [INFO] 隧道 test 已成功启动
[2025-11-18 22:31:58] [INFO] 开始测试隧道: test
[2025-11-18 22:32:03] [INFO] 隧道测试完成: test
[2025-11-18 22:32:25] [INFO] 正在配置 DNS 路由: test.dwzq.top -> test
[2025-11-18 22:32:27] [INFO] DNS 路由配置成功: test.dwzq.top -> test
[2025-11-18 22:32:43] [INFO] 配置编辑完成: test
[2025-11-18 22:32:48] [WARNING] 正在停止隧道
[2025-11-18 22:32:48] [INFO] 隧道已停止
[2025-11-18 22:32:53] [INFO] 检查 DNS 路由: test.dwzq.top -> test
[2025-11-18 22:32:55] [INFO] DNS 路由已配置: test.dwzq.top
[2025-11-18 22:32:55] [INFO] 开始启动隧道: test
[2025-11-18 22:32:56] [INFO] 隧道 test 已成功启动
[2025-11-18 22:32:56] [WARNING] 正在停止隧道
[2025-11-18 22:32:56] [INFO] 隧道已停止
[2025-11-18 22:32:58] [INFO] 检查 DNS 路由: test.dwzq.top -> test
[2025-11-18 22:33:00] [INFO] DNS 路由已配置: test.dwzq.top
[2025-11-18 22:33:00] [INFO] 开始启动隧道: test
[2025-11-18 22:33:00] [INFO] 隧道 test 已成功启动
[2025-11-18 23:27:50] [INFO] 应用程序启动
[2025-11-18 23:27:50] [INFO] 开始刷新隧道列表
[2025-11-18 23:27:52] [INFO] 成功加载 1 个隧道
[2025-11-18 23:27:53] [INFO] 选中隧道: test
[2025-11-18 23:27:58] [INFO] 检查 DNS 路由: test.dwzq.top -> test
[2025-11-18 23:28:00] [INFO] DNS 路由已配置: test.dwzq.top
[2025-11-18 23:28:00] [INFO] 开始启动隧道: test
[2025-11-18 23:28:00] [INFO] 隧道 test 已成功启动
[2025-11-18 23:28:07] [WARNING] 正在停止隧道
[2025-11-18 23:28:07] [INFO] 隧道已停止
[2025-11-18 23:32:21] [INFO] 应用程序启动
[2025-11-18 23:32:21] [INFO] 开始刷新隧道列表
[2025-11-18 23:32:22] [INFO] 成功加载 1 个隧道
[2025-11-18 23:32:26] [INFO] 选中隧道: test
[2025-11-18 23:32:28] [INFO] 检查 DNS 路由: test.dwzq.top -> test
[2025-11-18 23:32:31] [INFO] DNS 路由已配置: test.dwzq.top
[2025-11-18 23:32:31] [INFO] 开始启动隧道: test
[2025-11-18 23:32:31] [INFO] 隧道 test 已成功启动
[2025-11-18 23:33:39] [WARNING] 正在停止隧道
[2025-11-18 23:33:39] [INFO] 隧道已停止
[2025-11-18 23:33:45] [INFO] 选中隧道: test
[2025-11-18 23:33:47] [INFO] 开始测试隧道: test
[2025-11-18 23:33:56] [INFO] 隧道测试完成: test
[2025-11-18 23:34:05] [INFO] 配置编辑完成: test
[2025-11-18 23:34:08] [INFO] 检查 DNS 路由: test.dwzq.top -> test
[2025-11-18 23:34:11] [INFO] DNS 路由已配置: test.dwzq.top
[2025-11-18 23:34:11] [INFO] 开始启动隧道: test
[2025-11-18 23:34:11] [INFO] 隧道 test 已成功启动
[2025-11-18 23:34:22] [INFO] 选中隧道: test
[2025-11-18 23:34:48] [WARNING] 正在停止隧道
[2025-11-18 23:34:53] [INFO] 隧道已停止
[2025-11-18 23:34:53] [INFO] 检查 DNS 路由: test.dwzq.top -> test
[2025-11-18 23:34:56] [INFO] DNS 路由已配置: test.dwzq.top
[2025-11-18 23:34:56] [INFO] 开始启动隧道: test
[2025-11-18 23:34:56] [INFO] 隧道 test 已成功启动
[2025-11-18 23:34:56] [WARNING] 正在停止隧道
[2025-11-18 23:34:56] [INFO] 隧道已停止
[2025-11-18 23:48:21] [INFO] 应用程序启动
[2025-11-18 23:48:21] [INFO] 开始刷新隧道列表
[2025-11-18 23:48:22] [INFO] 成功加载 1 个隧道
[2025-11-18 23:48:24] [INFO] 选中隧道: test
[2025-11-18 23:48:26] [INFO] 检查 DNS 路由: test.dwzq.top -> test
[2025-11-18 23:48:28] [INFO] DNS 路由已配置: test.dwzq.top
[2025-11-18 23:48:28] [INFO] 开始启动隧道: test
[2025-11-18 23:48:28] [INFO] 隧道 test 已成功启动
[2025-11-18 23:48:42] [INFO] 选中隧道: test
[2025-11-18 23:48:59] [INFO] 开始测试隧道: test
[2025-11-18 23:49:06] [INFO] 隧道测试完成: test
[2025-11-18 23:56:54] [INFO] 应用程序启动
[2025-11-18 23:56:54] [INFO] 开始刷新隧道列表
[2025-11-18 23:56:56] [INFO] 成功加载 1 个隧道
[2025-11-18 23:57:44] [INFO] 选中隧道: test
[2025-11-18 23:57:44] [INFO] 选中隧道: test
[2025-11-18 23:57:48] [INFO] 检查 DNS 路由: test.dwzq.top -> test
[2025-11-18 23:57:51] [INFO] DNS 路由已配置: test.dwzq.top
[2025-11-18 23:57:51] [INFO] 开始启动隧道: test
[2025-11-18 23:57:51] [INFO] 隧道 test 已成功启动
[2025-11-18 23:58:53] [INFO] 应用程序启动
[2025-11-18 23:58:53] [INFO] 开始刷新隧道列表
[2025-11-18 23:58:54] [INFO] 成功加载 1 个隧道
[2025-11-18 23:58:57] [INFO] 选中隧道: test
[2025-11-18 23:59:01] [INFO] 检查 DNS 路由: test.dwzq.top -> test
[2025-11-18 23:59:04] [INFO] DNS 路由已配置: test.dwzq.top
[2025-11-18 23:59:04] [INFO] 开始启动隧道: test
[2025-11-18 23:59:04] [INFO] 隧道 test 已成功启动
[2025-11-18 23:59:05] [WARNING] 正在停止隧道 test
[2025-11-18 23:59:05] [INFO] 隧道 test 已停止
[2025-11-18 23:59:17] [INFO] 检查 DNS 路由: test.dwzq.top -> test
[2025-11-18 23:59:18] [INFO] DNS 路由已配置: test.dwzq.top
[2025-11-18 23:59:18] [INFO] 开始启动隧道: test
[2025-11-18 23:59:18] [INFO] 隧道 test 已成功启动
