[2025-11-19 00:00:06] [INFO] 应用程序启动
[2025-11-19 00:00:07] [INFO] 开始刷新隧道列表
[2025-11-19 00:00:09] [INFO] 成功加载 1 个隧道
[2025-11-19 00:00:12] [INFO] 选中隧道: test
[2025-11-19 00:00:19] [INFO] 检查 DNS 路由: test.dwzq.top -> test
[2025-11-19 00:00:23] [INFO] DNS 路由已配置: test.dwzq.top
[2025-11-19 00:00:23] [INFO] 开始启动隧道: test
[2025-11-19 00:00:23] [INFO] 隧道 test 已成功启动
[2025-11-19 00:00:49] [INFO] 开始测试隧道: test
[2025-11-19 00:00:56] [INFO] 隧道测试完成: test
[2025-11-19 00:01:03] [WARNING] 正在停止隧道 test
[2025-11-19 00:01:04] [INFO] 隧道 test 已停止
[2025-11-19 00:42:53] [INFO] 应用程序启动
[2025-11-19 00:42:53] [INFO] 开始刷新隧道列表
[2025-11-19 00:42:54] [INFO] 成功加载 1 个隧道
[2025-11-19 00:42:58] [INFO] 选中隧道: test
[2025-11-19 00:43:02] [INFO] 检查 DNS 路由: test.dwzq.top -> test
[2025-11-19 00:43:04] [INFO] DNS 路由已配置: test.dwzq.top
[2025-11-19 00:43:04] [INFO] 开始启动隧道: test
[2025-11-19 00:43:04] [INFO] 隧道 test 已成功启动并激活
[2025-11-19 00:43:29] [INFO] 开始测试隧道: test
[2025-11-19 00:43:35] [INFO] 隧道测试完成: test
[2025-11-19 00:43:52] [INFO] 配置编辑完成: test
[2025-11-19 00:57:16] [INFO] 应用程序启动
[2025-11-19 00:57:16] [INFO] 开始刷新隧道列表
[2025-11-19 00:57:17] [INFO] 成功加载 1 个隧道
[2025-11-19 00:57:23] [INFO] 选中隧道: test
[2025-11-19 00:57:27] [INFO] 检查 DNS 路由: test.dwzq.top -> test
[2025-11-19 00:57:42] [ERROR] DNS 路由失败: Error Parsing page 1: REST request failed: REST request failed: Get "https://api.cloudflare.com/client/v4/accounts/026669d146361a26d20fb6c0e580da35/cfd_tunnel?is_deleted=false&name=test&page=1": net/http: request canceled while waiting for connection (Client.Timeout exceeded while awaiting headers)

[2025-11-19 00:57:49] [INFO] 检查 DNS 路由: test.dwzq.top -> test
[2025-11-19 00:57:51] [INFO] DNS 路由已配置: test.dwzq.top
[2025-11-19 00:57:51] [INFO] 开始启动隧道: test
[2025-11-19 00:57:51] [INFO] 隧道 test 已成功启动并激活
[2025-11-19 00:58:37] [WARNING] 正在停止隧道 test
[2025-11-19 00:58:42] [INFO] 隧道 test 已停止并取消激活
[2025-11-19 00:58:51] [INFO] 检查 DNS 路由: test.dwzq.top -> test
[2025-11-19 00:58:54] [INFO] DNS 路由已配置: test.dwzq.top
[2025-11-19 00:58:54] [INFO] 开始启动隧道: test
[2025-11-19 00:58:54] [INFO] 隧道 test 已成功启动并激活
[2025-11-19 00:58:58] [INFO] 开始测试隧道: test
[2025-11-19 00:59:03] [INFO] 隧道测试完成: test
[2025-11-19 01:01:55] [WARNING] 隧道进程已退出
[2025-11-19 01:02:40] [INFO] 应用程序启动
[2025-11-19 01:02:40] [INFO] 开始刷新隧道列表
[2025-11-19 01:02:41] [INFO] 成功加载 1 个隧道
[2025-11-19 01:02:44] [INFO] 选中隧道: test
[2025-11-19 01:02:47] [INFO] 检查 DNS 路由: test.dwzq.top -> test
[2025-11-19 01:02:48] [INFO] DNS 路由已配置: test.dwzq.top
[2025-11-19 01:02:48] [INFO] 开始启动隧道: test
[2025-11-19 01:02:48] [INFO] 隧道 test 已成功启动并激活
[2025-11-19 01:03:13] [INFO] 开始测试隧道: test
[2025-11-19 01:03:20] [INFO] 隧道测试完成: test
[2025-11-19 01:06:06] [WARNING] 隧道进程已退出
[2025-11-19 01:08:54] [INFO] 选中隧道: test
[2025-11-19 01:08:56] [INFO] 检查 DNS 路由: test.dwzq.top -> test
[2025-11-19 01:08:59] [INFO] DNS 路由已配置: test.dwzq.top
[2025-11-19 01:08:59] [INFO] 开始启动隧道: test
[2025-11-19 01:08:59] [INFO] 隧道 test 已成功启动并激活
[2025-11-19 01:09:35] [INFO] 应用程序启动
[2025-11-19 01:09:36] [INFO] 开始刷新隧道列表
[2025-11-19 01:09:37] [INFO] 成功加载 1 个隧道
[2025-11-19 01:09:41] [INFO] 选中隧道: test
[2025-11-19 01:09:44] [INFO] 检查 DNS 路由: test.dwzq.top -> test
[2025-11-19 01:09:46] [INFO] DNS 路由已配置: test.dwzq.top
[2025-11-19 01:09:46] [INFO] 开始启动隧道: test
[2025-11-19 01:09:46] [INFO] 隧道 test 已成功启动并激活
[2025-11-19 01:11:38] [WARNING] 隧道进程已退出
[2025-11-19 01:17:06] [INFO] 应用程序启动
[2025-11-19 01:17:07] [INFO] 开始刷新隧道列表
[2025-11-19 01:17:08] [INFO] 成功加载 1 个隧道
[2025-11-19 01:17:14] [INFO] 选中隧道: test
[2025-11-19 01:17:17] [INFO] 检查 DNS 路由: test.dwzq.top -> test
[2025-11-19 01:17:19] [INFO] DNS 路由已配置: test.dwzq.top
[2025-11-19 01:17:19] [INFO] 开始启动隧道: test
[2025-11-19 01:17:19] [INFO] 隧道 test 已成功启动并激活
[2025-11-19 01:18:04] [INFO] 开始测试隧道: test
[2025-11-19 01:18:17] [INFO] 隧道测试完成: test
[2025-11-19 01:19:00] [INFO] 开始测试隧道: test
[2025-11-19 01:19:07] [INFO] 隧道测试完成: test
[2025-11-19 01:26:16] [INFO] 应用程序启动
[2025-11-19 01:26:16] [INFO] 开始刷新隧道列表
[2025-11-19 01:26:17] [INFO] 成功加载 1 个隧道
[2025-11-19 01:26:29] [INFO] 选中隧道: test
[2025-11-19 01:26:35] [WARNING] 正在停止隧道 test
[2025-11-19 01:26:36] [INFO] 已停止隧道 test (PID: 63963)
[2025-11-19 01:26:36] [INFO] 隧道 test 已停止并取消激活
[2025-11-19 01:26:49] [INFO] 检查 DNS 路由: test.dwzq.top -> test
[2025-11-19 01:26:51] [INFO] DNS 路由已配置: test.dwzq.top
[2025-11-19 01:26:51] [INFO] 开始启动隧道: test
[2025-11-19 01:26:51] [INFO] 隧道 test 已成功启动并激活
[2025-11-19 01:39:34] [INFO] 应用程序启动
[2025-11-19 01:39:34] [INFO] 开始刷新隧道列表
[2025-11-19 01:39:35] [INFO] 成功加载 1 个隧道
[2025-11-19 01:39:39] [INFO] 选中隧道: test
[2025-11-19 01:39:42] [WARNING] 正在停止隧道 test
[2025-11-19 01:39:43] [INFO] 已停止隧道 test (PID: 66082)
[2025-11-19 01:39:43] [INFO] 隧道 test 已停止并取消激活
[2025-11-19 01:39:56] [INFO] 检查 DNS 路由: test.dwzq.top -> test
[2025-11-19 01:39:59] [INFO] DNS 路由已配置: test.dwzq.top
[2025-11-19 01:39:59] [INFO] 开始启动隧道: test
[2025-11-19 01:39:59] [INFO] 隧道 test 已成功启动并激活
[2025-11-19 01:53:40] [INFO] 应用程序启动
[2025-11-19 01:53:40] [INFO] 开始刷新隧道列表
[2025-11-19 01:53:41] [INFO] 成功加载 1 个隧道
[2025-11-19 01:53:44] [INFO] 选中隧道: test
[2025-11-19 01:54:13] [INFO] 检查 DNS 路由: test.dwzq.top -> test
[2025-11-19 01:54:15] [INFO] DNS 路由已配置: test.dwzq.top
[2025-11-19 01:54:15] [INFO] 开始启动隧道: test
[2025-11-19 01:54:15] [INFO] 隧道 test 已成功启动并激活
[2025-11-19 01:54:59] [WARNING] 正在停止隧道 test
[2025-11-19 01:54:59] [INFO] 隧道 test 已停止并取消激活
[2025-11-19 01:55:17] [INFO] 检查 DNS 路由: test.dwzq.top -> test
[2025-11-19 01:55:19] [INFO] DNS 路由已配置: test.dwzq.top
[2025-11-19 01:55:19] [INFO] 开始启动隧道: test
[2025-11-19 01:55:19] [INFO] 隧道 test 已成功启动并激活
[2025-11-19 03:13:52] [WARNING] 正在停止隧道 test
[2025-11-19 03:13:57] [INFO] 隧道 test 已停止并取消激活
[2025-11-19 03:14:04] [INFO] 开始创建隧道: kline
[2025-11-19 03:14:06] [INFO] 隧道 kline 创建成功
[2025-11-19 03:14:06] [INFO] 开始刷新隧道列表
[2025-11-19 03:14:07] [INFO] 已同步隧道 kline 的配置文件UUID
[2025-11-19 03:14:07] [INFO] 成功加载 2 个隧道
[2025-11-19 03:14:10] [INFO] 选中隧道: kline
[2025-11-19 03:14:24] [INFO] 配置编辑完成: kline
[2025-11-19 03:14:25] [INFO] 检查 DNS 路由: kline.dwzq.top -> kline
[2025-11-19 03:14:27] [INFO] DNS 路由已配置: kline.dwzq.top
[2025-11-19 03:14:27] [INFO] 开始启动隧道: kline
[2025-11-19 03:14:27] [INFO] 隧道 kline 已成功启动并激活
[2025-11-19 12:54:46] [INFO] 开始测试隧道: kline
[2025-11-19 12:54:51] [INFO] 隧道测试完成: kline
[2025-11-19 12:54:57] [WARNING] 正在停止隧道 kline
[2025-11-19 12:55:02] [INFO] 隧道 kline 已停止并取消激活
[2025-11-19 12:55:05] [INFO] 检查 DNS 路由: kline.dwzq.top -> kline
[2025-11-19 12:55:08] [ERROR] DNS 路由失败: Error Parsing page 1: REST request failed: REST request failed: Get "https://api.cloudflare.com/client/v4/accounts/026669d146361a26d20fb6c0e580da35/cfd_tunnel?is_deleted=false&name=kline&page=1": EOF

[2025-11-19 12:55:15] [INFO] 检查 DNS 路由: kline.dwzq.top -> kline
[2025-11-19 12:55:18] [INFO] DNS 路由已配置: kline.dwzq.top
[2025-11-19 12:55:18] [INFO] 开始启动隧道: kline
[2025-11-19 12:55:18] [INFO] 隧道 kline 已成功启动并激活
[2025-11-19 13:14:58] [INFO] 应用程序启动
[2025-11-19 13:14:58] [INFO] 开始刷新隧道列表
[2025-11-19 13:15:00] [INFO] 成功加载 2 个隧道
[2025-11-19 13:15:10] [INFO] 选中隧道: kline
[2025-11-19 13:15:14] [INFO] 启用隧道持久化
[2025-11-19 13:15:18] [INFO] 启用自动启动: kline
[2025-11-19 13:15:18] [INFO] 选中隧道: kline
[2025-11-19 13:15:19] [INFO] 开始自动激活隧道: kline
[2025-11-19 13:15:19] [INFO] 检查 DNS 路由: kline.dwzq.top -> kline
[2025-11-19 13:15:20] [INFO] DNS 路由已配置: kline.dwzq.top
[2025-11-19 13:15:20] [INFO] 开始启动隧道: kline
[2025-11-19 13:15:20] [INFO] 隧道 kline 已成功启动并激活
[2025-11-19 13:15:20] [INFO] 关闭自动启动
[2025-11-19 13:15:21] [INFO] 启用自动启动: kline
[2025-11-19 13:15:21] [INFO] 自动启动跳过，kline 已运行
[2025-11-19 13:15:27] [WARNING] 正在停止隧道 kline
[2025-11-19 13:15:27] [INFO] 隧道 kline 已停止并取消激活
[2025-11-19 13:15:31] [INFO] 检查 DNS 路由: kline.dwzq.top -> kline
[2025-11-19 13:15:33] [INFO] DNS 路由已配置: kline.dwzq.top
[2025-11-19 13:15:33] [INFO] 开始启动隧道: kline
[2025-11-19 13:15:33] [INFO] 隧道 kline 已成功启动并激活
[2025-11-19 13:15:50] [INFO] 退出时保留隧道运行
[2025-11-19 13:26:50] [INFO] 应用程序启动
[2025-11-19 13:26:50] [INFO] 开始刷新隧道列表
[2025-11-19 13:26:51] [INFO] 选中隧道: kline
[2025-11-19 13:26:51] [INFO] 成功加载 2 个隧道
[2025-11-19 13:26:53] [INFO] 选中隧道: kline
[2025-11-19 13:26:53] [INFO] 开始自动激活隧道: kline
[2025-11-19 13:26:53] [INFO] 检查 DNS 路由: kline.dwzq.top -> kline
[2025-11-19 13:26:55] [INFO] DNS 路由已配置: kline.dwzq.top
[2025-11-19 13:26:55] [INFO] 开始启动隧道: kline
[2025-11-19 13:26:55] [INFO] 隧道 kline 已成功启动并激活
[2025-11-19 13:33:08] [INFO] 退出时保留隧道运行
